<?xml version="1.0" encoding="UTF-8"?>
<!-- Generated by org.testng.reporters.JUnitXMLReporter -->
<testsuite hostname="Mahesh" name="ManojTest" tests="6" failures="0" timestamp="15 Sep 2020 04:28:08 GMT" time="42.682" errors="0">
  <testcase name="AddEmp" time="27.525" classname="myPack.Manoj"/>
  <testcase name="DeleteEmp" time="0.001" classname="myPack.Manoj"/>
  <testcase name="EditEmp" time="0.002" classname="myPack.Manoj"/>
  <testcase name="VerifyLogin" time="15.14" classname="myPack.Manoj"/>
  <testcase name="addLocation" time="0.0" classname="myPack.Manoj"/>
  <testcase name="editLocation" time="0.001" classname="myPack.Manoj"/>
</testsuite> <!-- ManojTest -->
